  bonuscode.cpp
C:\Users\regis\Рабочий стол\programmig\OOP\bonuscode\bonuscode\bonuscode.cpp(28,13): warning C4996: 'strcpy': This function or variable may be unsafe. Consider using strcpy_s instead. To disable deprecation, use _CRT_SECURE_NO_WARNINGS. See online help for details.
C:\Users\regis\Рабочий стол\programmig\OOP\bonuscode\bonuscode\bonuscode.cpp(37,13): warning C4996: 'strcpy': This function or variable may be unsafe. Consider using strcpy_s instead. To disable deprecation, use _CRT_SECURE_NO_WARNINGS. See online help for details.
C:\Users\regis\Рабочий стол\programmig\OOP\bonuscode\bonuscode\bonuscode.cpp(60,13): warning C4996: 'strcpy': This function or variable may be unsafe. Consider using strcpy_s instead. To disable deprecation, use _CRT_SECURE_NO_WARNINGS. See online help for details.
C:\Users\regis\Рабочий стол\programmig\OOP\bonuscode\bonuscode\bonuscode.cpp(63,13): warning C4996: 'strcpy': This function or variable may be unsafe. Consider using strcpy_s instead. To disable deprecation, use _CRT_SECURE_NO_WARNINGS. See online help for details.
C:\Users\regis\Рабочий стол\programmig\OOP\bonuscode\bonuscode\bonuscode.cpp(72,17): warning C4996: 'strcpy': This function or variable may be unsafe. Consider using strcpy_s instead. To disable deprecation, use _CRT_SECURE_NO_WARNINGS. See online help for details.
C:\Users\regis\Рабочий стол\programmig\OOP\bonuscode\bonuscode\bonuscode.cpp(73,17): warning C4996: 'strcpy': This function or variable may be unsafe. Consider using strcpy_s instead. To disable deprecation, use _CRT_SECURE_NO_WARNINGS. See online help for details.
C:\Users\regis\Рабочий стол\programmig\OOP\bonuscode\bonuscode\bonuscode.cpp(74,17): warning C4996: 'strcpy': This function or variable may be unsafe. Consider using strcpy_s instead. To disable deprecation, use _CRT_SECURE_NO_WARNINGS. See online help for details.
C:\Users\regis\Рабочий стол\programmig\OOP\bonuscode\bonuscode\bonuscode.cpp(78,17): warning C4996: 'strcpy': This function or variable may be unsafe. Consider using strcpy_s instead. To disable deprecation, use _CRT_SECURE_NO_WARNINGS. See online help for details.
C:\Users\regis\Рабочий стол\programmig\OOP\bonuscode\bonuscode\bonuscode.cpp(87,13): warning C4996: 'strcpy': This function or variable may be unsafe. Consider using strcpy_s instead. To disable deprecation, use _CRT_SECURE_NO_WARNINGS. See online help for details.
C:\Users\regis\Рабочий стол\programmig\OOP\bonuscode\bonuscode\bonuscode.cpp(118,18): warning C4244: инициализация: преобразование "unsigned __int64" в "int", возможна потеря данных
C:\Users\regis\Рабочий стол\programmig\OOP\bonuscode\bonuscode\bonuscode.cpp(120,13): warning C4996: 'strcat': This function or variable may be unsafe. Consider using strcat_s instead. To disable deprecation, use _CRT_SECURE_NO_WARNINGS. See online help for details.
C:\Users\regis\Рабочий стол\programmig\OOP\bonuscode\bonuscode\bonuscode.cpp(124,13): warning C4996: 'strcpy': This function or variable may be unsafe. Consider using strcpy_s instead. To disable deprecation, use _CRT_SECURE_NO_WARNINGS. See online help for details.
C:\Users\regis\Рабочий стол\programmig\OOP\bonuscode\bonuscode\bonuscode.cpp(125,13): warning C4996: 'strcat': This function or variable may be unsafe. Consider using strcat_s instead. To disable deprecation, use _CRT_SECURE_NO_WARNINGS. See online help for details.
C:\Users\regis\Рабочий стол\programmig\OOP\bonuscode\bonuscode\bonuscode.cpp(137,18): warning C4244: инициализация: преобразование "unsigned __int64" в "int", возможна потеря данных
C:\Users\regis\Рабочий стол\programmig\OOP\bonuscode\bonuscode\bonuscode.cpp(139,13): warning C4996: 'strcat': This function or variable may be unsafe. Consider using strcat_s instead. To disable deprecation, use _CRT_SECURE_NO_WARNINGS. See online help for details.
C:\Users\regis\Рабочий стол\programmig\OOP\bonuscode\bonuscode\bonuscode.cpp(143,13): warning C4996: 'strcpy': This function or variable may be unsafe. Consider using strcpy_s instead. To disable deprecation, use _CRT_SECURE_NO_WARNINGS. See online help for details.
C:\Users\regis\Рабочий стол\programmig\OOP\bonuscode\bonuscode\bonuscode.cpp(144,13): warning C4996: 'strcat': This function or variable may be unsafe. Consider using strcat_s instead. To disable deprecation, use _CRT_SECURE_NO_WARNINGS. See online help for details.
C:\Users\regis\Рабочий стол\programmig\OOP\bonuscode\bonuscode\bonuscode.cpp(169,9): warning C4996: 'strncpy': This function or variable may be unsafe. Consider using strncpy_s instead. To disable deprecation, use _CRT_SECURE_NO_WARNINGS. See online help for details.
C:\Users\regis\Рабочий стол\programmig\OOP\bonuscode\bonuscode\bonuscode.cpp(185,14): warning C4244: инициализация: преобразование "unsigned __int64" в "int", возможна потеря данных
  bonuscode.vcxproj -> C:\Users\regis\Рабочий стол\programmig\OOP\bonuscode\x64\Debug\bonuscode.exe
